{"message":"createUser :{\"email\":\"matt@gamil.com\",\"password\":\"123\",\"firstName\":\"Matt\",\"lastName\":\"James\",\"dateOfBirth\":\"25/05/1995\",\"enteredBy\":1,\"enteredDate\":\"15/09/2020\",\"modifiedBy\":1,\"modifiedDate\":\"15/09/2020\",\"isActive\":true,\"isDeleted\":false}","level":"info","timestamp":"2020-08-23 17:10:30"}
{"message":"internal create user error :TypeError: Cannot read property 'create' of undefined","level":"error","timestamp":"2020-08-23 17:10:30"}
{"message":"createUser :{\"email\":\"matt@gamil.com\",\"password\":\"123\",\"firstName\":\"Matt\",\"lastName\":\"James\",\"dateOfBirth\":\"25/05/1995\",\"enteredBy\":1,\"enteredDate\":\"15/09/2020\",\"modifiedBy\":1,\"modifiedDate\":\"15/09/2020\",\"isActive\":true,\"isDeleted\":false}","level":"info","timestamp":"2020-08-23 17:12:14"}
{"message":"internal create user error :TypeError: Cannot read property 'create' of undefined","level":"error","timestamp":"2020-08-23 17:12:14"}
{"message":"createUser :{\"email\":\"matt@gamil.com\",\"password\":\"123\",\"firstName\":\"Matt\",\"lastName\":\"James\",\"dateOfBirth\":\"25/05/1995\",\"enteredBy\":1,\"enteredDate\":\"15/09/2020\",\"modifiedBy\":1,\"modifiedDate\":\"15/09/2020\",\"isActive\":true,\"isDeleted\":false}","level":"info","timestamp":"2020-08-23 17:15:11"}
{"message":"internal create user error :TypeError: Cannot read property 'create' of undefined","level":"error","timestamp":"2020-08-23 17:15:28"}
{"message":"createUser :{\"email\":\"matt@gamil.com\",\"password\":\"123\",\"firstName\":\"Matt\",\"lastName\":\"James\",\"dateOfBirth\":\"25/05/1995\",\"enteredBy\":1,\"enteredDate\":\"15/09/2020\",\"modifiedBy\":1,\"modifiedDate\":\"15/09/2020\",\"isActive\":true,\"isDeleted\":false}","level":"info","timestamp":"2020-08-23 17:19:05"}
{"message":"internal create user error :TypeError: userModel is not a constructor","level":"error","timestamp":"2020-08-23 17:19:05"}
{"message":"createUser :{\"email\":\"matt@gamil.com\",\"password\":\"123\",\"firstName\":\"Matt\",\"lastName\":\"James\",\"dateOfBirth\":\"25/05/1995\",\"enteredBy\":1,\"enteredDate\":\"15/09/2020\",\"modifiedBy\":1,\"modifiedDate\":\"15/09/2020\",\"isActive\":true,\"isDeleted\":false}","level":"info","timestamp":"2020-08-23 17:19:56"}
{"message":"internal create user error :TypeError: userModel is not a constructor","level":"error","timestamp":"2020-08-23 17:19:56"}
{"message":"createUser :{\"email\":\"matt@gamil.com\",\"password\":\"123\",\"firstName\":\"Matt\",\"lastName\":\"James\",\"dateOfBirth\":\"25/05/1995\",\"enteredBy\":1,\"enteredDate\":\"15/09/2020\",\"modifiedBy\":1,\"modifiedDate\":\"15/09/2020\",\"isActive\":true,\"isDeleted\":false}","level":"info","timestamp":"2020-08-23 17:20:45"}
{"message":"internal create user error :TypeError: userModel is not a constructor","level":"error","timestamp":"2020-08-23 17:20:45"}
{"message":"createUser :{\"email\":\"matt@gamil.com\",\"password\":\"123\",\"firstName\":\"Matt\",\"lastName\":\"James\",\"dateOfBirth\":\"25/05/1995\",\"enteredBy\":1,\"enteredDate\":\"15/09/2020\",\"modifiedBy\":1,\"modifiedDate\":\"15/09/2020\",\"isActive\":true,\"isDeleted\":false}","level":"info","timestamp":"2020-08-23 17:21:15"}
{"message":"createUser :{\"email\":\"matt@gamil.com\",\"password\":\"123\",\"firstName\":\"Matt\",\"lastName\":\"James\",\"dateOfBirth\":\"25/05/1995\",\"enteredBy\":1,\"enteredDate\":\"15/09/2020\",\"modifiedBy\":1,\"modifiedDate\":\"15/09/2020\",\"isActive\":true,\"isDeleted\":false}","level":"info","timestamp":"2020-08-23 17:24:43"}
{"message":"internal create user error :TypeError: Cannot read property 'create' of undefined","level":"error","timestamp":"2020-08-23 17:24:56"}
{"message":"createUser :{\"email\":\"matt@gamil.com\",\"password\":\"123\",\"firstName\":\"Matt\",\"lastName\":\"James\",\"dateOfBirth\":\"25/05/1995\",\"enteredBy\":1,\"enteredDate\":\"15/09/2020\",\"modifiedBy\":1,\"modifiedDate\":\"15/09/2020\",\"isActive\":true,\"isDeleted\":false}","level":"info","timestamp":"2020-08-23 17:26:08"}
{"message":"internal create user error :TypeError: Cannot read property 'create' of undefined","level":"error","timestamp":"2020-08-23 17:27:11"}
{"message":"createUser :{\"email\":\"matt@gamil.com\",\"password\":\"123\",\"firstName\":\"Matt\",\"lastName\":\"James\",\"dateOfBirth\":\"25/05/1995\",\"enteredBy\":1,\"enteredDate\":\"15/09/2020\",\"modifiedBy\":1,\"modifiedDate\":\"15/09/2020\",\"isActive\":true,\"isDeleted\":false}","level":"info","timestamp":"2020-08-23 17:27:26"}
{"message":"internal create user error :TypeError: Cannot read property 'create' of undefined","level":"error","timestamp":"2020-08-23 17:27:30"}
{"message":"createUser :{\"email\":\"matt@gamil.com\",\"password\":\"123\",\"firstName\":\"Matt\",\"lastName\":\"James\",\"dateOfBirth\":\"25/05/1995\",\"enteredBy\":1,\"enteredDate\":\"15/09/2020\",\"modifiedBy\":1,\"modifiedDate\":\"15/09/2020\",\"isActive\":true,\"isDeleted\":false}","level":"info","timestamp":"2020-08-23 17:30:33"}
{"message":"createUser :{\"email\":\"matt@gamil.com\",\"password\":\"123\",\"firstName\":\"Matt\",\"lastName\":\"James\",\"dateOfBirth\":\"25/05/1995\",\"enteredBy\":1,\"enteredDate\":\"15/09/2020\",\"modifiedBy\":1,\"modifiedDate\":\"15/09/2020\",\"isActive\":true,\"isDeleted\":false}","level":"info","timestamp":"2020-08-23 17:31:31"}
{"message":"internal create user error :TypeError: userModel is not a constructor","level":"error","timestamp":"2020-08-23 17:31:46"}
{"message":"createUser :{\"email\":\"matt@gamil.com\",\"password\":\"123\",\"firstName\":\"Matt\",\"lastName\":\"James\",\"dateOfBirth\":\"25/05/1995\",\"enteredBy\":1,\"enteredDate\":\"15/09/2020\",\"modifiedBy\":1,\"modifiedDate\":\"15/09/2020\",\"isActive\":true,\"isDeleted\":false}","level":"info","timestamp":"2020-08-23 17:32:16"}
{"message":"createUser :{\"email\":\"matt@gamil.com\",\"password\":\"123\",\"firstName\":\"Matt\",\"lastName\":\"James\",\"dateOfBirth\":\"25/05/1995\",\"enteredBy\":1,\"enteredDate\":\"15/09/2020\",\"modifiedBy\":1,\"modifiedDate\":\"15/09/2020\",\"isActive\":true,\"isDeleted\":false}","level":"info","timestamp":"2020-08-23 17:33:44"}
{"message":"createUser :{\"email\":\"matt@gamil.com\",\"password\":\"123\",\"firstName\":\"Matt\",\"lastName\":\"James\",\"dateOfBirth\":\"25-05-1995\",\"enteredBy\":1,\"enteredDate\":\"15-09-2020\",\"modifiedBy\":1,\"modifiedDate\":\"15-09-2020\",\"isActive\":true,\"isDeleted\":false}","level":"info","timestamp":"2020-08-23 17:35:13"}
{"message":"createUser :{\"email\":\"matt@gamil.com\",\"password\":\"123\",\"firstName\":\"Matt\",\"lastName\":\"James\",\"dateOfBirth\":\"1995-12-09\",\"enteredBy\":1,\"enteredDate\":\"2002-12-09\",\"modifiedBy\":1,\"modifiedDate\":\"2002-12-09\",\"isActive\":true,\"isDeleted\":false}","level":"info","timestamp":"2020-08-23 17:38:04"}
{"message":"createUser :{\"email\":\"matt@gamil.com\",\"password\":\"123\",\"firstName\":\"Matt\",\"lastName\":\"James\",\"dateOfBirth\":\"1995-12-09\",\"enteredBy\":1,\"enteredDate\":\"2002-12-09\",\"modifiedBy\":1,\"modifiedDate\":\"2002-12-09\",\"isActive\":true,\"isDeleted\":false}","level":"info","timestamp":"2020-08-23 17:49:08"}
{"message":"login :{\"email\":\"matt@gamil.com\",\"password\":\"123\"}","level":"info","timestamp":"2020-08-23 17:58:51"}
{"message":"login :{\"email\":\"matt@gamil.com\",\"password\":\"123\"}","level":"info","timestamp":"2020-08-23 18:05:29"}
{"message":"internal create user error :SyntaxError: Unexpected token m in JSON at position 0","level":"error","timestamp":"2020-08-23 18:05:29"}
{"message":"login :{\"email\":\"matt@gamil.com\",\"password\":\"123\"}","level":"info","timestamp":"2020-08-23 18:05:46"}
{"message":"internal create user error :SyntaxError: Unexpected token m in JSON at position 0","level":"error","timestamp":"2020-08-23 18:05:46"}
{"message":"login :{\"email\":\"matt@gamil.com\",\"password\":\"123\"}","level":"info","timestamp":"2020-08-23 18:06:23"}
{"message":"internal create user error :SyntaxError: Unexpected token m in JSON at position 0","level":"error","timestamp":"2020-08-23 18:06:53"}
{"message":"login :{\"email\":\"matt@gamil.com\",\"password\":\"123\"}","level":"info","timestamp":"2020-08-23 18:07:00"}
{"message":"login :{\"email\":\"matt@gamil.com\",\"password\":\"123\"}","level":"info","timestamp":"2020-08-23 18:09:56"}
{"message":"login :{\"email\":\"matt@gamil.com\",\"password\":\"123\"}","level":"info","timestamp":"2020-08-23 18:47:39"}
{"message":"------------------------------New Request-----------------------------------------","level":"info","timestamp":"2020-08-23 18:50:13"}
{"message":"Token:- eyJhbGciOiJIUzI1NiIsInR5cCI6IkpXVCJ9.eyJpZCI6IjVmNDI1ZWJjYTUwOGU2MmUzY2UyZmU3ZCIsImVtYWlsIjoibWF0dEBnYW1pbC5jb20iLCJpYXQiOjE1OTgxODg2NjcsImV4cCI6MTU5ODE4ODc1M30.pQwlqlsai6kn11xs_WRFpXa734C2kT-_cCD4VFJ0omE","level":"info","timestamp":"2020-08-23 18:50:13"}
{"message":"Token:- {\"x-access-token\":\"eyJhbGciOiJIUzI1NiIsInR5cCI6IkpXVCJ9.eyJpZCI6IjVmNDI1ZWJjYTUwOGU2MmUzY2UyZmU3ZCIsImVtYWlsIjoibWF0dEBnYW1pbC5jb20iLCJpYXQiOjE1OTgxODg2NjcsImV4cCI6MTU5ODE4ODc1M30.pQwlqlsai6kn11xs_WRFpXa734C2kT-_cCD4VFJ0omE\",\"user-agent\":\"PostmanRuntime/7.26.3\",\"accept\":\"*/*\",\"cache-control\":\"no-cache\",\"postman-token\":\"7cbdf545-70a9-4b96-b07f-b5e1ec7671ca\",\"host\":\"localhost:3000\",\"accept-encoding\":\"gzip, deflate, br\",\"connection\":\"keep-alive\",\"cookie\":\"ASP.NET_SessionId=gnhrixevjaxktkrqpjmo5vu3\"}","level":"info","timestamp":"2020-08-23 18:50:13"}
{"message":"------------------------------New Request-----------------------------------------","level":"info","timestamp":"2020-08-23 18:50:46"}
{"message":"Token:- eyJhbGciOiJIUzI1NiIsInR5cCI6IkpXVCJ9.eyJpZCI6IjVmNDI1ZWJjYTUwOGU2MmUzY2UyZmU3ZCIsImVtYWlsIjoibWF0dEBnYW1pbC5jb20iLCJpYXQiOjE1OTgxODg2NjcsImV4cCI6MTU5ODE4ODc1M30.pQwlqlsai6kn11xs_WRFpXa734C2kT-_cCD4VFJ0omE","level":"info","timestamp":"2020-08-23 18:50:46"}
{"message":"Token:- {\"x-access-token\":\"eyJhbGciOiJIUzI1NiIsInR5cCI6IkpXVCJ9.eyJpZCI6IjVmNDI1ZWJjYTUwOGU2MmUzY2UyZmU3ZCIsImVtYWlsIjoibWF0dEBnYW1pbC5jb20iLCJpYXQiOjE1OTgxODg2NjcsImV4cCI6MTU5ODE4ODc1M30.pQwlqlsai6kn11xs_WRFpXa734C2kT-_cCD4VFJ0omE\",\"user-agent\":\"PostmanRuntime/7.26.3\",\"accept\":\"*/*\",\"cache-control\":\"no-cache\",\"postman-token\":\"f68303f7-f391-4931-b73b-7fd4a70309fe\",\"host\":\"localhost:3000\",\"accept-encoding\":\"gzip, deflate, br\",\"connection\":\"keep-alive\",\"cookie\":\"ASP.NET_SessionId=gnhrixevjaxktkrqpjmo5vu3\"}","level":"info","timestamp":"2020-08-23 18:50:46"}
{"message":"------------------------------New Request-----------------------------------------","level":"info","timestamp":"2020-08-23 18:51:17"}
{"message":"Token:- eyJhbGciOiJIUzI1NiIsInR5cCI6IkpXVCJ9.eyJpZCI6IjVmNDI1ZWJjYTUwOGU2MmUzY2UyZmU3ZCIsImVtYWlsIjoibWF0dEBnYW1pbC5jb20iLCJpYXQiOjE1OTgxODg2NjcsImV4cCI6MTU5ODE4ODc1M30.pQwlqlsai6kn11xs_WRFpXa734C2kT-_cCD4VFJ0omE","level":"info","timestamp":"2020-08-23 18:51:18"}
{"message":"Token:- {\"x-access-token\":\"eyJhbGciOiJIUzI1NiIsInR5cCI6IkpXVCJ9.eyJpZCI6IjVmNDI1ZWJjYTUwOGU2MmUzY2UyZmU3ZCIsImVtYWlsIjoibWF0dEBnYW1pbC5jb20iLCJpYXQiOjE1OTgxODg2NjcsImV4cCI6MTU5ODE4ODc1M30.pQwlqlsai6kn11xs_WRFpXa734C2kT-_cCD4VFJ0omE\",\"user-agent\":\"PostmanRuntime/7.26.3\",\"accept\":\"*/*\",\"cache-control\":\"no-cache\",\"postman-token\":\"bd5bbea0-b94f-4e46-88ce-b372efa44e2f\",\"host\":\"localhost:3000\",\"accept-encoding\":\"gzip, deflate, br\",\"connection\":\"keep-alive\",\"cookie\":\"ASP.NET_SessionId=gnhrixevjaxktkrqpjmo5vu3\"}","level":"info","timestamp":"2020-08-23 18:51:19"}
{"message":"------------------------------New Request-----------------------------------------","level":"info","timestamp":"2020-08-23 18:51:56"}
{"message":"Token:- eyJhbGciOiJIUzI1NiIsInR5cCI6IkpXVCJ9.eyJpZCI6IjVmNDI1ZWJjYTUwOGU2MmUzY2UyZmU3ZCIsImVtYWlsIjoibWF0dEBnYW1pbC5jb20iLCJpYXQiOjE1OTgxODg2NjcsImV4cCI6MTU5ODE4ODc1M30.pQwlqlsai6kn11xs_WRFpXa734C2kT-_cCD4VFJ0omE","level":"info","timestamp":"2020-08-23 18:51:56"}
{"message":"Token:- {\"x-access-token\":\"eyJhbGciOiJIUzI1NiIsInR5cCI6IkpXVCJ9.eyJpZCI6IjVmNDI1ZWJjYTUwOGU2MmUzY2UyZmU3ZCIsImVtYWlsIjoibWF0dEBnYW1pbC5jb20iLCJpYXQiOjE1OTgxODg2NjcsImV4cCI6MTU5ODE4ODc1M30.pQwlqlsai6kn11xs_WRFpXa734C2kT-_cCD4VFJ0omE\",\"user-agent\":\"PostmanRuntime/7.26.3\",\"accept\":\"*/*\",\"cache-control\":\"no-cache\",\"postman-token\":\"d3bf6a4a-beac-4cbd-912f-842c27b2bfc6\",\"host\":\"localhost:3000\",\"accept-encoding\":\"gzip, deflate, br\",\"connection\":\"keep-alive\",\"cookie\":\"ASP.NET_SessionId=gnhrixevjaxktkrqpjmo5vu3\"}","level":"info","timestamp":"2020-08-23 18:51:56"}
{"message":"login :{\"email\":\"matt@gamil.com\",\"password\":\"123\"}","level":"info","timestamp":"2020-08-23 18:53:23"}
{"message":"------------------------------New Request-----------------------------------------","level":"info","timestamp":"2020-08-23 18:53:59"}
{"message":"Token:- eyJhbGciOiJIUzI1NiIsInR5cCI6IkpXVCJ9.eyJpZCI6IjVmNDI1ZWJjYTUwOGU2MmUzY2UyZmU3ZCIsImVtYWlsIjoibWF0dEBnYW1pbC5jb20iLCJpYXQiOjE1OTgxODkwMTIsImV4cCI6MTU5ODE4OTA5OH0.6ultOIOzRz_wMJ3trA1eWbc7a1Vn81KuyCUFX3JFViI","level":"info","timestamp":"2020-08-23 18:54:00"}
{"message":"Token:- {\"x-access-token\":\"eyJhbGciOiJIUzI1NiIsInR5cCI6IkpXVCJ9.eyJpZCI6IjVmNDI1ZWJjYTUwOGU2MmUzY2UyZmU3ZCIsImVtYWlsIjoibWF0dEBnYW1pbC5jb20iLCJpYXQiOjE1OTgxODkwMTIsImV4cCI6MTU5ODE4OTA5OH0.6ultOIOzRz_wMJ3trA1eWbc7a1Vn81KuyCUFX3JFViI\",\"user-agent\":\"PostmanRuntime/7.26.3\",\"accept\":\"*/*\",\"cache-control\":\"no-cache\",\"postman-token\":\"bcd420d3-435b-44c7-be84-f3e1ee1a62d5\",\"host\":\"localhost:3000\",\"accept-encoding\":\"gzip, deflate, br\",\"connection\":\"keep-alive\",\"cookie\":\"ASP.NET_SessionId=gnhrixevjaxktkrqpjmo5vu3\"}","level":"info","timestamp":"2020-08-23 18:54:02"}
{"message":"auth:- success userId :-5f425ebca508e62e3ce2fe7duserEmailmatt@gamil.com","level":"info","timestamp":"2020-08-23 18:54:04"}
{"message":"GetProfileData called :\"5f425ebca508e62e3ce2fe7d\"","level":"info","timestamp":"2020-08-23 18:54:07"}
{"message":"------------------------------New Request-----------------------------------------","level":"info","timestamp":"2020-08-23 19:28:56"}
{"message":"Token:- eyJhbGciOiJIUzI1NiIsInR5cCI6IkpXVCJ9.eyJpZCI6IjVmNDI1ZWJjYTUwOGU2MmUzY2UyZmU3ZCIsImVtYWlsIjoibWF0dEBnYW1pbC5jb20iLCJpYXQiOjE1OTgxODkwMTIsImV4cCI6MTU5ODE4OTA5OH0.6ultOIOzRz_wMJ3trA1eWbc7a1Vn81KuyCUFX3JFViI","level":"info","timestamp":"2020-08-23 19:28:56"}
{"message":"Token:- {\"x-access-token\":\"eyJhbGciOiJIUzI1NiIsInR5cCI6IkpXVCJ9.eyJpZCI6IjVmNDI1ZWJjYTUwOGU2MmUzY2UyZmU3ZCIsImVtYWlsIjoibWF0dEBnYW1pbC5jb20iLCJpYXQiOjE1OTgxODkwMTIsImV4cCI6MTU5ODE4OTA5OH0.6ultOIOzRz_wMJ3trA1eWbc7a1Vn81KuyCUFX3JFViI\",\"user-agent\":\"PostmanRuntime/7.26.3\",\"accept\":\"*/*\",\"cache-control\":\"no-cache\",\"postman-token\":\"b9e6c727-a7d9-40de-87c5-15f9f757991b\",\"host\":\"localhost:3000\",\"accept-encoding\":\"gzip, deflate, br\",\"connection\":\"keep-alive\",\"cookie\":\"ASP.NET_SessionId=gnhrixevjaxktkrqpjmo5vu3\"}","level":"info","timestamp":"2020-08-23 19:28:56"}
{"message":"------------------------------New Request-----------------------------------------","level":"info","timestamp":"2020-08-23 19:34:40"}
{"message":"Token:- eyJhbGciOiJIUzI1NiIsInR5cCI6IkpXVCJ9.eyJpZCI6IjVmNDI1ZWJjYTUwOGU2MmUzY2UyZmU3ZCIsImVtYWlsIjoibWF0dEBnYW1pbC5jb20iLCJpYXQiOjE1OTgxODkwMTIsImV4cCI6MTU5ODE4OTA5OH0.6ultOIOzRz_wMJ3trA1eWbc7a1Vn81KuyCUFX3JFViI","level":"info","timestamp":"2020-08-23 19:34:40"}
{"message":"Token:- {\"x-access-token\":\"eyJhbGciOiJIUzI1NiIsInR5cCI6IkpXVCJ9.eyJpZCI6IjVmNDI1ZWJjYTUwOGU2MmUzY2UyZmU3ZCIsImVtYWlsIjoibWF0dEBnYW1pbC5jb20iLCJpYXQiOjE1OTgxODkwMTIsImV4cCI6MTU5ODE4OTA5OH0.6ultOIOzRz_wMJ3trA1eWbc7a1Vn81KuyCUFX3JFViI\",\"user-agent\":\"PostmanRuntime/7.26.3\",\"accept\":\"*/*\",\"cache-control\":\"no-cache\",\"postman-token\":\"641ebb83-df60-4eed-8d5a-eb10f8b102a2\",\"host\":\"localhost:3000\",\"accept-encoding\":\"gzip, deflate, br\",\"connection\":\"keep-alive\",\"cookie\":\"ASP.NET_SessionId=gnhrixevjaxktkrqpjmo5vu3\"}","level":"info","timestamp":"2020-08-23 19:34:40"}
{"message":"------------------------------New Request-----------------------------------------","level":"info","timestamp":"2020-08-23 19:35:11"}
{"message":"Token:- eyJhbGciOiJIUzI1NiIsInR5cCI6IkpXVCJ9.eyJpZCI6IjVmNDI1ZWJjYTUwOGU2MmUzY2UyZmU3ZCIsImVtYWlsIjoibWF0dEBnYW1pbC5jb20iLCJpYXQiOjE1OTgxODkwMTIsImV4cCI6MTU5ODE4OTA5OH0.6ultOIOzRz_wMJ3trA1eWbc7a1Vn81KuyCUFX3JFViI","level":"info","timestamp":"2020-08-23 19:35:12"}
{"message":"Token:- {\"x-access-token\":\"eyJhbGciOiJIUzI1NiIsInR5cCI6IkpXVCJ9.eyJpZCI6IjVmNDI1ZWJjYTUwOGU2MmUzY2UyZmU3ZCIsImVtYWlsIjoibWF0dEBnYW1pbC5jb20iLCJpYXQiOjE1OTgxODkwMTIsImV4cCI6MTU5ODE4OTA5OH0.6ultOIOzRz_wMJ3trA1eWbc7a1Vn81KuyCUFX3JFViI\",\"user-agent\":\"PostmanRuntime/7.26.3\",\"accept\":\"*/*\",\"cache-control\":\"no-cache\",\"postman-token\":\"72e948e0-e235-4ec8-ae2f-efdba78799e3\",\"host\":\"localhost:3000\",\"accept-encoding\":\"gzip, deflate, br\",\"connection\":\"keep-alive\",\"cookie\":\"ASP.NET_SessionId=gnhrixevjaxktkrqpjmo5vu3\"}","level":"info","timestamp":"2020-08-23 19:35:12"}
{"message":"------------------------------New Request-----------------------------------------","level":"info","timestamp":"2020-08-23 19:36:40"}
{"message":"Token:- eyJhbGciOiJIUzI1NiIsInR5cCI6IkpXVCJ9.eyJpZCI6IjVmNDI1ZWJjYTUwOGU2MmUzY2UyZmU3ZCIsImVtYWlsIjoibWF0dEBnYW1pbC5jb20iLCJpYXQiOjE1OTgxODkwMTIsImV4cCI6MTU5ODE4OTA5OH0.6ultOIOzRz_wMJ3trA1eWbc7a1Vn81KuyCUFX3JFViI","level":"info","timestamp":"2020-08-23 19:36:40"}
{"message":"Token:- {\"x-access-token\":\"eyJhbGciOiJIUzI1NiIsInR5cCI6IkpXVCJ9.eyJpZCI6IjVmNDI1ZWJjYTUwOGU2MmUzY2UyZmU3ZCIsImVtYWlsIjoibWF0dEBnYW1pbC5jb20iLCJpYXQiOjE1OTgxODkwMTIsImV4cCI6MTU5ODE4OTA5OH0.6ultOIOzRz_wMJ3trA1eWbc7a1Vn81KuyCUFX3JFViI\",\"user-agent\":\"PostmanRuntime/7.26.3\",\"accept\":\"*/*\",\"cache-control\":\"no-cache\",\"postman-token\":\"eb66adb0-6117-44b5-926a-db3a11dc7997\",\"host\":\"localhost:3000\",\"accept-encoding\":\"gzip, deflate, br\",\"connection\":\"keep-alive\",\"cookie\":\"ASP.NET_SessionId=gnhrixevjaxktkrqpjmo5vu3\"}","level":"info","timestamp":"2020-08-23 19:36:40"}
{"message":"------------------------------New Request-----------------------------------------","level":"info","timestamp":"2020-08-23 19:36:54"}
{"message":"------------------------------New Request-----------------------------------------","level":"info","timestamp":"2020-08-23 19:39:21"}
{"message":"Token:- eyJhbGciOiJIUzI1NiIsInR5cCI6IkpXVCJ9.eyJpZCI6IjVmNDI1ZWJjYTUwOGU2MmUzY2UyZmU3ZCIsImVtYWlsIjoibWF0dEBnYW1pbC5jb20iLCJpYXQiOjE1OTgxODkwMTIsImV4cCI6MTU5ODE4OTA5OH0.6ultOIOzRz_wMJ3trA1eWbc7a1Vn81KuyCUFX3JFViI","level":"info","timestamp":"2020-08-23 19:39:22"}
{"message":"Token:- {\"x-access-token\":\"eyJhbGciOiJIUzI1NiIsInR5cCI6IkpXVCJ9.eyJpZCI6IjVmNDI1ZWJjYTUwOGU2MmUzY2UyZmU3ZCIsImVtYWlsIjoibWF0dEBnYW1pbC5jb20iLCJpYXQiOjE1OTgxODkwMTIsImV4cCI6MTU5ODE4OTA5OH0.6ultOIOzRz_wMJ3trA1eWbc7a1Vn81KuyCUFX3JFViI\",\"user-agent\":\"PostmanRuntime/7.26.3\",\"accept\":\"*/*\",\"cache-control\":\"no-cache\",\"postman-token\":\"0c462e64-202d-4f63-8005-c1a4efbc8b82\",\"host\":\"localhost:3000\",\"accept-encoding\":\"gzip, deflate, br\",\"connection\":\"keep-alive\",\"cookie\":\"ASP.NET_SessionId=gnhrixevjaxktkrqpjmo5vu3\"}","level":"info","timestamp":"2020-08-23 19:39:22"}
{"message":"login :{\"email\":\"matt@gamil.com\",\"password\":\"123\"}","level":"info","timestamp":"2020-08-23 19:44:21"}
{"message":"------------------------------New Request-----------------------------------------","level":"info","timestamp":"2020-08-23 19:44:41"}
{"message":"Token:- eyJhbGciOiJIUzI1NiIsInR5cCI6IkpXVCJ9.eyJpZCI6IjVmNDI1ZWJjYTUwOGU2MmUzY2UyZmU3ZCIsImVtYWlsIjoibWF0dEBnYW1pbC5jb20iLCJpYXQiOjE1OTgxOTIwNjEsImV4cCI6MTU5ODE5MjE0N30.CR8Ly2mVHDYUwKTNMkU4CglptfzshKVF9Uww0qhxjrM","level":"info","timestamp":"2020-08-23 19:44:41"}
{"message":"Token:- {\"x-access-token\":\"eyJhbGciOiJIUzI1NiIsInR5cCI6IkpXVCJ9.eyJpZCI6IjVmNDI1ZWJjYTUwOGU2MmUzY2UyZmU3ZCIsImVtYWlsIjoibWF0dEBnYW1pbC5jb20iLCJpYXQiOjE1OTgxOTIwNjEsImV4cCI6MTU5ODE5MjE0N30.CR8Ly2mVHDYUwKTNMkU4CglptfzshKVF9Uww0qhxjrM\",\"user-agent\":\"PostmanRuntime/7.26.3\",\"accept\":\"*/*\",\"cache-control\":\"no-cache\",\"postman-token\":\"1c06df29-b12b-447b-8950-69b4672b9817\",\"host\":\"localhost:3000\",\"accept-encoding\":\"gzip, deflate, br\",\"connection\":\"keep-alive\",\"cookie\":\"ASP.NET_SessionId=gnhrixevjaxktkrqpjmo5vu3\"}","level":"info","timestamp":"2020-08-23 19:44:41"}
{"message":"login :{\"email\":\"matt@gamil.com\",\"password\":\"123\"}","level":"info","timestamp":"2020-08-23 19:45:44"}
{"message":"------------------------------New Request-----------------------------------------","level":"info","timestamp":"2020-08-23 19:46:07"}
{"message":"Token:- eyJhbGciOiJIUzI1NiIsInR5cCI6IkpXVCJ9.eyJpZCI6IjVmNDI1ZWJjYTUwOGU2MmUzY2UyZmU3ZCIsImVtYWlsIjoibWF0dEBnYW1pbC5jb20iLCJpYXQiOjE1OTgxOTIxNDQsImV4cCI6MTU5ODE5MzAwOH0.JVHqMi6tB0PziBz-lrIPDY2Q2Rif3x5wuzxmo4pKB8E","level":"info","timestamp":"2020-08-23 19:46:07"}
{"message":"Token:- {\"x-access-token\":\"eyJhbGciOiJIUzI1NiIsInR5cCI6IkpXVCJ9.eyJpZCI6IjVmNDI1ZWJjYTUwOGU2MmUzY2UyZmU3ZCIsImVtYWlsIjoibWF0dEBnYW1pbC5jb20iLCJpYXQiOjE1OTgxOTIxNDQsImV4cCI6MTU5ODE5MzAwOH0.JVHqMi6tB0PziBz-lrIPDY2Q2Rif3x5wuzxmo4pKB8E\",\"user-agent\":\"PostmanRuntime/7.26.3\",\"accept\":\"*/*\",\"cache-control\":\"no-cache\",\"postman-token\":\"a33a394b-5174-4dad-9120-6c2f2c8f415c\",\"host\":\"localhost:3000\",\"accept-encoding\":\"gzip, deflate, br\",\"connection\":\"keep-alive\",\"cookie\":\"ASP.NET_SessionId=gnhrixevjaxktkrqpjmo5vu3\"}","level":"info","timestamp":"2020-08-23 19:46:07"}
{"message":"------------------------------New Request-----------------------------------------","level":"info","timestamp":"2020-08-23 19:46:51"}
{"message":"login :{\"email\":\"matt@gamil.com\",\"password\":\"123\"}","level":"info","timestamp":"2020-08-23 19:48:07"}
{"message":"------------------------------New Request-----------------------------------------","level":"info","timestamp":"2020-08-23 19:48:24"}
{"message":"Token:- eyJhbGciOiJIUzI1NiIsInR5cCI6IkpXVCJ9.eyJpZCI6IjVmNDI1ZWJjYTUwOGU2MmUzY2UyZmU3ZCIsImVtYWlsIjoibWF0dEBnYW1pbC5jb20iLCJpYXQiOjE1OTgxOTIyODcsImV4cCI6MTU5ODE5MzE1MX0.qtwXGqPLZMFiYlEdv6W609ZAOubcaWyFhAOrCTV9BOk","level":"info","timestamp":"2020-08-23 19:48:25"}
{"message":"Token:- {\"x-access-token\":\"eyJhbGciOiJIUzI1NiIsInR5cCI6IkpXVCJ9.eyJpZCI6IjVmNDI1ZWJjYTUwOGU2MmUzY2UyZmU3ZCIsImVtYWlsIjoibWF0dEBnYW1pbC5jb20iLCJpYXQiOjE1OTgxOTIyODcsImV4cCI6MTU5ODE5MzE1MX0.qtwXGqPLZMFiYlEdv6W609ZAOubcaWyFhAOrCTV9BOk\",\"user-agent\":\"PostmanRuntime/7.26.3\",\"accept\":\"*/*\",\"cache-control\":\"no-cache\",\"postman-token\":\"8ea46f1c-b481-4981-bbe8-887753ec6ee0\",\"host\":\"localhost:3000\",\"accept-encoding\":\"gzip, deflate, br\",\"connection\":\"keep-alive\",\"cookie\":\"ASP.NET_SessionId=gnhrixevjaxktkrqpjmo5vu3\"}","level":"info","timestamp":"2020-08-23 19:48:26"}
{"message":"------------------------------New Request-----------------------------------------","level":"info","timestamp":"2020-08-23 19:54:14"}
{"message":"Token:- eyJhbGciOiJIUzI1NiIsInR5cCI6IkpXVCJ9.eyJpZCI6IjVmNDI1ZWJjYTUwOGU2MmUzY2UyZmU3ZCIsImVtYWlsIjoibWF0dEBnYW1pbC5jb20iLCJpYXQiOjE1OTgxOTIyODcsImV4cCI6MTU5ODE5MzE1MX0.qtwXGqPLZMFiYlEdv6W609ZAOubcaWyFhAOrCTV9BOk","level":"info","timestamp":"2020-08-23 19:54:14"}
{"message":"Token:- {\"x-access-token\":\"eyJhbGciOiJIUzI1NiIsInR5cCI6IkpXVCJ9.eyJpZCI6IjVmNDI1ZWJjYTUwOGU2MmUzY2UyZmU3ZCIsImVtYWlsIjoibWF0dEBnYW1pbC5jb20iLCJpYXQiOjE1OTgxOTIyODcsImV4cCI6MTU5ODE5MzE1MX0.qtwXGqPLZMFiYlEdv6W609ZAOubcaWyFhAOrCTV9BOk\",\"user-agent\":\"PostmanRuntime/7.26.3\",\"accept\":\"*/*\",\"cache-control\":\"no-cache\",\"postman-token\":\"f2e0283f-f3c6-47b4-81ba-8778b7df7fae\",\"host\":\"localhost:3000\",\"accept-encoding\":\"gzip, deflate, br\",\"connection\":\"keep-alive\",\"cookie\":\"ASP.NET_SessionId=gnhrixevjaxktkrqpjmo5vu3\"}","level":"info","timestamp":"2020-08-23 19:54:15"}
{"message":"auth:- success userId :-5f425ebca508e62e3ce2fe7duserEmailmatt@gamil.com","level":"info","timestamp":"2020-08-23 19:54:15"}
{"message":"GetProfileData called :\"5f425ebca508e62e3ce2fe7d\"","level":"info","timestamp":"2020-08-23 19:54:15"}
{"message":"error occured while getmyprofile TypeError: firstday.getTime is not a function","level":"info","timestamp":"2020-08-23 19:55:15"}
{"message":"------------------------------New Request-----------------------------------------","level":"info","timestamp":"2020-08-23 20:15:54"}
{"message":"Token:- eyJhbGciOiJIUzI1NiIsInR5cCI6IkpXVCJ9.eyJpZCI6IjVmNDI1ZWJjYTUwOGU2MmUzY2UyZmU3ZCIsImVtYWlsIjoibWF0dEBnYW1pbC5jb20iLCJpYXQiOjE1OTgxOTIyODcsImV4cCI6MTU5ODE5MzE1MX0.qtwXGqPLZMFiYlEdv6W609ZAOubcaWyFhAOrCTV9BOk","level":"info","timestamp":"2020-08-23 20:15:54"}
{"message":"Token:- {\"x-access-token\":\"eyJhbGciOiJIUzI1NiIsInR5cCI6IkpXVCJ9.eyJpZCI6IjVmNDI1ZWJjYTUwOGU2MmUzY2UyZmU3ZCIsImVtYWlsIjoibWF0dEBnYW1pbC5jb20iLCJpYXQiOjE1OTgxOTIyODcsImV4cCI6MTU5ODE5MzE1MX0.qtwXGqPLZMFiYlEdv6W609ZAOubcaWyFhAOrCTV9BOk\",\"user-agent\":\"PostmanRuntime/7.26.3\",\"accept\":\"*/*\",\"cache-control\":\"no-cache\",\"postman-token\":\"20d7901e-fc03-4d1f-a2b3-3e04ebf21048\",\"host\":\"localhost:3000\",\"accept-encoding\":\"gzip, deflate, br\",\"connection\":\"keep-alive\",\"cookie\":\"ASP.NET_SessionId=gnhrixevjaxktkrqpjmo5vu3\"}","level":"info","timestamp":"2020-08-23 20:15:55"}
{"message":"login :{\"email\":\"matt@gamil.com\",\"password\":\"123\"}","level":"info","timestamp":"2020-08-23 20:16:08"}
{"message":"------------------------------New Request-----------------------------------------","level":"info","timestamp":"2020-08-23 20:16:24"}
{"message":"Token:- eyJhbGciOiJIUzI1NiIsInR5cCI6IkpXVCJ9.eyJpZCI6IjVmNDI1ZWJjYTUwOGU2MmUzY2UyZmU3ZCIsImVtYWlsIjoibWF0dEBnYW1pbC5jb20iLCJpYXQiOjE1OTgxOTM5NjgsImV4cCI6MTU5ODE5NDgzMn0.v7QS3PSYfrjSH1B7z7-ylLif2P0_FxFYoWMfVTFZJQY","level":"info","timestamp":"2020-08-23 20:16:24"}
{"message":"Token:- {\"x-access-token\":\"eyJhbGciOiJIUzI1NiIsInR5cCI6IkpXVCJ9.eyJpZCI6IjVmNDI1ZWJjYTUwOGU2MmUzY2UyZmU3ZCIsImVtYWlsIjoibWF0dEBnYW1pbC5jb20iLCJpYXQiOjE1OTgxOTM5NjgsImV4cCI6MTU5ODE5NDgzMn0.v7QS3PSYfrjSH1B7z7-ylLif2P0_FxFYoWMfVTFZJQY\",\"user-agent\":\"PostmanRuntime/7.26.3\",\"accept\":\"*/*\",\"cache-control\":\"no-cache\",\"postman-token\":\"eef1dba4-6a40-4073-9f27-dfc280b4a0f9\",\"host\":\"localhost:3000\",\"accept-encoding\":\"gzip, deflate, br\",\"connection\":\"keep-alive\",\"cookie\":\"ASP.NET_SessionId=gnhrixevjaxktkrqpjmo5vu3\"}","level":"info","timestamp":"2020-08-23 20:16:24"}
{"message":"auth:- success userId :-5f425ebca508e62e3ce2fe7duserEmailmatt@gamil.com","level":"info","timestamp":"2020-08-23 20:16:24"}
{"message":"GetProfileData called :\"5f425ebca508e62e3ce2fe7d\"","level":"info","timestamp":"2020-08-23 20:16:24"}
{"message":"------------------------------New Request-----------------------------------------","level":"info","timestamp":"2020-08-23 20:16:51"}
{"message":"Token:- eyJhbGciOiJIUzI1NiIsInR5cCI6IkpXVCJ9.eyJpZCI6IjVmNDI1ZWJjYTUwOGU2MmUzY2UyZmU3ZCIsImVtYWlsIjoibWF0dEBnYW1pbC5jb20iLCJpYXQiOjE1OTgxOTM5NjgsImV4cCI6MTU5ODE5NDgzMn0.v7QS3PSYfrjSH1B7z7-ylLif2P0_FxFYoWMfVTFZJQY","level":"info","timestamp":"2020-08-23 20:16:51"}
{"message":"Token:- {\"x-access-token\":\"eyJhbGciOiJIUzI1NiIsInR5cCI6IkpXVCJ9.eyJpZCI6IjVmNDI1ZWJjYTUwOGU2MmUzY2UyZmU3ZCIsImVtYWlsIjoibWF0dEBnYW1pbC5jb20iLCJpYXQiOjE1OTgxOTM5NjgsImV4cCI6MTU5ODE5NDgzMn0.v7QS3PSYfrjSH1B7z7-ylLif2P0_FxFYoWMfVTFZJQY\",\"user-agent\":\"PostmanRuntime/7.26.3\",\"accept\":\"*/*\",\"cache-control\":\"no-cache\",\"postman-token\":\"e7b70eaa-1b00-4ab3-956f-52273a355759\",\"host\":\"localhost:3000\",\"accept-encoding\":\"gzip, deflate, br\",\"connection\":\"keep-alive\",\"cookie\":\"ASP.NET_SessionId=gnhrixevjaxktkrqpjmo5vu3\"}","level":"info","timestamp":"2020-08-23 20:16:51"}
{"message":"auth:- success userId :-5f425ebca508e62e3ce2fe7duserEmailmatt@gamil.com","level":"info","timestamp":"2020-08-23 20:16:51"}
{"message":"GetProfileData called :\"5f425ebca508e62e3ce2fe7d\"","level":"info","timestamp":"2020-08-23 20:16:51"}
{"message":"------------------------------New Request-----------------------------------------","level":"info","timestamp":"2020-08-23 20:17:52"}
{"message":"Token:- eyJhbGciOiJIUzI1NiIsInR5cCI6IkpXVCJ9.eyJpZCI6IjVmNDI1ZWJjYTUwOGU2MmUzY2UyZmU3ZCIsImVtYWlsIjoibWF0dEBnYW1pbC5jb20iLCJpYXQiOjE1OTgxOTM5NjgsImV4cCI6MTU5ODE5NDgzMn0.v7QS3PSYfrjSH1B7z7-ylLif2P0_FxFYoWMfVTFZJQY","level":"info","timestamp":"2020-08-23 20:17:52"}
{"message":"Token:- {\"x-access-token\":\"eyJhbGciOiJIUzI1NiIsInR5cCI6IkpXVCJ9.eyJpZCI6IjVmNDI1ZWJjYTUwOGU2MmUzY2UyZmU3ZCIsImVtYWlsIjoibWF0dEBnYW1pbC5jb20iLCJpYXQiOjE1OTgxOTM5NjgsImV4cCI6MTU5ODE5NDgzMn0.v7QS3PSYfrjSH1B7z7-ylLif2P0_FxFYoWMfVTFZJQY\",\"user-agent\":\"PostmanRuntime/7.26.3\",\"accept\":\"*/*\",\"cache-control\":\"no-cache\",\"postman-token\":\"4b5b062a-828a-453d-a8c2-a501ddb92843\",\"host\":\"localhost:3000\",\"accept-encoding\":\"gzip, deflate, br\",\"connection\":\"keep-alive\",\"cookie\":\"ASP.NET_SessionId=gnhrixevjaxktkrqpjmo5vu3\"}","level":"info","timestamp":"2020-08-23 20:17:52"}
{"message":"auth:- success userId :-5f425ebca508e62e3ce2fe7duserEmailmatt@gamil.com","level":"info","timestamp":"2020-08-23 20:17:52"}
{"message":"GetProfileData called :\"5f425ebca508e62e3ce2fe7d\"","level":"info","timestamp":"2020-08-23 20:17:52"}
{"message":"------------------------------New Request-----------------------------------------","level":"info","timestamp":"2020-08-23 20:20:29"}
{"message":"Token:- eyJhbGciOiJIUzI1NiIsInR5cCI6IkpXVCJ9.eyJpZCI6IjVmNDI1ZWJjYTUwOGU2MmUzY2UyZmU3ZCIsImVtYWlsIjoibWF0dEBnYW1pbC5jb20iLCJpYXQiOjE1OTgxOTM5NjgsImV4cCI6MTU5ODE5NDgzMn0.v7QS3PSYfrjSH1B7z7-ylLif2P0_FxFYoWMfVTFZJQY","level":"info","timestamp":"2020-08-23 20:20:29"}
{"message":"Token:- {\"x-access-token\":\"eyJhbGciOiJIUzI1NiIsInR5cCI6IkpXVCJ9.eyJpZCI6IjVmNDI1ZWJjYTUwOGU2MmUzY2UyZmU3ZCIsImVtYWlsIjoibWF0dEBnYW1pbC5jb20iLCJpYXQiOjE1OTgxOTM5NjgsImV4cCI6MTU5ODE5NDgzMn0.v7QS3PSYfrjSH1B7z7-ylLif2P0_FxFYoWMfVTFZJQY\",\"user-agent\":\"PostmanRuntime/7.26.3\",\"accept\":\"*/*\",\"cache-control\":\"no-cache\",\"postman-token\":\"484c8679-c2eb-4578-a693-bdd1f773f2dc\",\"host\":\"localhost:3000\",\"accept-encoding\":\"gzip, deflate, br\",\"connection\":\"keep-alive\",\"cookie\":\"ASP.NET_SessionId=gnhrixevjaxktkrqpjmo5vu3\"}","level":"info","timestamp":"2020-08-23 20:20:29"}
{"message":"auth:- success userId :-5f425ebca508e62e3ce2fe7duserEmailmatt@gamil.com","level":"info","timestamp":"2020-08-23 20:20:29"}
{"message":"GetProfileData called :\"5f425ebca508e62e3ce2fe7d\"","level":"info","timestamp":"2020-08-23 20:20:29"}
{"message":"------------------------------New Request-----------------------------------------","level":"info","timestamp":"2020-08-23 20:22:16"}
{"message":"Token:- eyJhbGciOiJIUzI1NiIsInR5cCI6IkpXVCJ9.eyJpZCI6IjVmNDI1ZWJjYTUwOGU2MmUzY2UyZmU3ZCIsImVtYWlsIjoibWF0dEBnYW1pbC5jb20iLCJpYXQiOjE1OTgxOTM5NjgsImV4cCI6MTU5ODE5NDgzMn0.v7QS3PSYfrjSH1B7z7-ylLif2P0_FxFYoWMfVTFZJQY","level":"info","timestamp":"2020-08-23 20:22:16"}
{"message":"Token:- {\"x-access-token\":\"eyJhbGciOiJIUzI1NiIsInR5cCI6IkpXVCJ9.eyJpZCI6IjVmNDI1ZWJjYTUwOGU2MmUzY2UyZmU3ZCIsImVtYWlsIjoibWF0dEBnYW1pbC5jb20iLCJpYXQiOjE1OTgxOTM5NjgsImV4cCI6MTU5ODE5NDgzMn0.v7QS3PSYfrjSH1B7z7-ylLif2P0_FxFYoWMfVTFZJQY\",\"user-agent\":\"PostmanRuntime/7.26.3\",\"accept\":\"*/*\",\"cache-control\":\"no-cache\",\"postman-token\":\"9027b3ad-159d-4562-be02-748aa3b4dab7\",\"host\":\"localhost:3000\",\"accept-encoding\":\"gzip, deflate, br\",\"connection\":\"keep-alive\",\"cookie\":\"ASP.NET_SessionId=gnhrixevjaxktkrqpjmo5vu3\"}","level":"info","timestamp":"2020-08-23 20:22:16"}
{"message":"auth:- success userId :-5f425ebca508e62e3ce2fe7duserEmailmatt@gamil.com","level":"info","timestamp":"2020-08-23 20:22:16"}
{"message":"GetProfileData called :\"5f425ebca508e62e3ce2fe7d\"","level":"info","timestamp":"2020-08-23 20:22:16"}
{"message":"------------------------------New Request-----------------------------------------","level":"info","timestamp":"2020-08-23 20:24:09"}
{"message":"Token:- eyJhbGciOiJIUzI1NiIsInR5cCI6IkpXVCJ9.eyJpZCI6IjVmNDI1ZWJjYTUwOGU2MmUzY2UyZmU3ZCIsImVtYWlsIjoibWF0dEBnYW1pbC5jb20iLCJpYXQiOjE1OTgxOTM5NjgsImV4cCI6MTU5ODE5NDgzMn0.v7QS3PSYfrjSH1B7z7-ylLif2P0_FxFYoWMfVTFZJQY","level":"info","timestamp":"2020-08-23 20:24:09"}
{"message":"Token:- {\"x-access-token\":\"eyJhbGciOiJIUzI1NiIsInR5cCI6IkpXVCJ9.eyJpZCI6IjVmNDI1ZWJjYTUwOGU2MmUzY2UyZmU3ZCIsImVtYWlsIjoibWF0dEBnYW1pbC5jb20iLCJpYXQiOjE1OTgxOTM5NjgsImV4cCI6MTU5ODE5NDgzMn0.v7QS3PSYfrjSH1B7z7-ylLif2P0_FxFYoWMfVTFZJQY\",\"user-agent\":\"PostmanRuntime/7.26.3\",\"accept\":\"*/*\",\"cache-control\":\"no-cache\",\"postman-token\":\"43a278d0-7d1c-4688-8914-1c8d9197b3e0\",\"host\":\"localhost:3000\",\"accept-encoding\":\"gzip, deflate, br\",\"connection\":\"keep-alive\",\"cookie\":\"ASP.NET_SessionId=gnhrixevjaxktkrqpjmo5vu3\"}","level":"info","timestamp":"2020-08-23 20:24:09"}
{"message":"auth:- success userId :-5f425ebca508e62e3ce2fe7duserEmailmatt@gamil.com","level":"info","timestamp":"2020-08-23 20:24:09"}
{"message":"GetProfileData called :\"5f425ebca508e62e3ce2fe7d\"","level":"info","timestamp":"2020-08-23 20:24:09"}
{"message":"error occured while getmyprofile TypeError: json.stringify is not a function","level":"info","timestamp":"2020-08-23 20:24:15"}
{"message":"------------------------------New Request-----------------------------------------","level":"info","timestamp":"2020-08-23 20:24:22"}
{"message":"Token:- eyJhbGciOiJIUzI1NiIsInR5cCI6IkpXVCJ9.eyJpZCI6IjVmNDI1ZWJjYTUwOGU2MmUzY2UyZmU3ZCIsImVtYWlsIjoibWF0dEBnYW1pbC5jb20iLCJpYXQiOjE1OTgxOTM5NjgsImV4cCI6MTU5ODE5NDgzMn0.v7QS3PSYfrjSH1B7z7-ylLif2P0_FxFYoWMfVTFZJQY","level":"info","timestamp":"2020-08-23 20:24:22"}
{"message":"Token:- {\"x-access-token\":\"eyJhbGciOiJIUzI1NiIsInR5cCI6IkpXVCJ9.eyJpZCI6IjVmNDI1ZWJjYTUwOGU2MmUzY2UyZmU3ZCIsImVtYWlsIjoibWF0dEBnYW1pbC5jb20iLCJpYXQiOjE1OTgxOTM5NjgsImV4cCI6MTU5ODE5NDgzMn0.v7QS3PSYfrjSH1B7z7-ylLif2P0_FxFYoWMfVTFZJQY\",\"user-agent\":\"PostmanRuntime/7.26.3\",\"accept\":\"*/*\",\"cache-control\":\"no-cache\",\"postman-token\":\"ea4f4578-73be-49f5-bd75-69904dd595cc\",\"host\":\"localhost:3000\",\"accept-encoding\":\"gzip, deflate, br\",\"connection\":\"keep-alive\",\"cookie\":\"ASP.NET_SessionId=gnhrixevjaxktkrqpjmo5vu3\"}","level":"info","timestamp":"2020-08-23 20:24:22"}
{"message":"auth:- success userId :-5f425ebca508e62e3ce2fe7duserEmailmatt@gamil.com","level":"info","timestamp":"2020-08-23 20:24:22"}
{"message":"GetProfileData called :\"5f425ebca508e62e3ce2fe7d\"","level":"info","timestamp":"2020-08-23 20:24:22"}
{"message":"------------------------------New Request-----------------------------------------","level":"info","timestamp":"2020-08-23 20:26:04"}
{"message":"Token:- eyJhbGciOiJIUzI1NiIsInR5cCI6IkpXVCJ9.eyJpZCI6IjVmNDI1ZWJjYTUwOGU2MmUzY2UyZmU3ZCIsImVtYWlsIjoibWF0dEBnYW1pbC5jb20iLCJpYXQiOjE1OTgxOTM5NjgsImV4cCI6MTU5ODE5NDgzMn0.v7QS3PSYfrjSH1B7z7-ylLif2P0_FxFYoWMfVTFZJQY","level":"info","timestamp":"2020-08-23 20:26:04"}
{"message":"Token:- {\"x-access-token\":\"eyJhbGciOiJIUzI1NiIsInR5cCI6IkpXVCJ9.eyJpZCI6IjVmNDI1ZWJjYTUwOGU2MmUzY2UyZmU3ZCIsImVtYWlsIjoibWF0dEBnYW1pbC5jb20iLCJpYXQiOjE1OTgxOTM5NjgsImV4cCI6MTU5ODE5NDgzMn0.v7QS3PSYfrjSH1B7z7-ylLif2P0_FxFYoWMfVTFZJQY\",\"user-agent\":\"PostmanRuntime/7.26.3\",\"accept\":\"*/*\",\"cache-control\":\"no-cache\",\"postman-token\":\"23d6e9a2-654a-44e8-8f84-c16511b3a7e0\",\"host\":\"localhost:3000\",\"accept-encoding\":\"gzip, deflate, br\",\"connection\":\"keep-alive\",\"cookie\":\"ASP.NET_SessionId=gnhrixevjaxktkrqpjmo5vu3\"}","level":"info","timestamp":"2020-08-23 20:26:04"}
{"message":"auth:- success userId :-5f425ebca508e62e3ce2fe7duserEmailmatt@gamil.com","level":"info","timestamp":"2020-08-23 20:26:04"}
{"message":"GetProfileData called :\"5f425ebca508e62e3ce2fe7d\"","level":"info","timestamp":"2020-08-23 20:26:04"}
{"message":"------------------------------New Request-----------------------------------------","level":"info","timestamp":"2020-08-23 20:27:13"}
{"message":"Token:- eyJhbGciOiJIUzI1NiIsInR5cCI6IkpXVCJ9.eyJpZCI6IjVmNDI1ZWJjYTUwOGU2MmUzY2UyZmU3ZCIsImVtYWlsIjoibWF0dEBnYW1pbC5jb20iLCJpYXQiOjE1OTgxOTM5NjgsImV4cCI6MTU5ODE5NDgzMn0.v7QS3PSYfrjSH1B7z7-ylLif2P0_FxFYoWMfVTFZJQY","level":"info","timestamp":"2020-08-23 20:27:13"}
{"message":"Token:- {\"x-access-token\":\"eyJhbGciOiJIUzI1NiIsInR5cCI6IkpXVCJ9.eyJpZCI6IjVmNDI1ZWJjYTUwOGU2MmUzY2UyZmU3ZCIsImVtYWlsIjoibWF0dEBnYW1pbC5jb20iLCJpYXQiOjE1OTgxOTM5NjgsImV4cCI6MTU5ODE5NDgzMn0.v7QS3PSYfrjSH1B7z7-ylLif2P0_FxFYoWMfVTFZJQY\",\"user-agent\":\"PostmanRuntime/7.26.3\",\"accept\":\"*/*\",\"cache-control\":\"no-cache\",\"postman-token\":\"cc4a055e-7b8c-4c76-a53a-f13321ff234e\",\"host\":\"localhost:3000\",\"accept-encoding\":\"gzip, deflate, br\",\"connection\":\"keep-alive\",\"cookie\":\"ASP.NET_SessionId=gnhrixevjaxktkrqpjmo5vu3\"}","level":"info","timestamp":"2020-08-23 20:27:13"}
{"message":"auth:- success userId :-5f425ebca508e62e3ce2fe7duserEmailmatt@gamil.com","level":"info","timestamp":"2020-08-23 20:27:13"}
{"message":"GetProfileData called :\"5f425ebca508e62e3ce2fe7d\"","level":"info","timestamp":"2020-08-23 20:27:13"}
{"message":"------------------------------New Request-----------------------------------------","level":"info","timestamp":"2020-08-23 20:34:06"}
{"message":"Token:- eyJhbGciOiJIUzI1NiIsInR5cCI6IkpXVCJ9.eyJpZCI6IjVmNDI1ZWJjYTUwOGU2MmUzY2UyZmU3ZCIsImVtYWlsIjoibWF0dEBnYW1pbC5jb20iLCJpYXQiOjE1OTgxOTM5NjgsImV4cCI6MTU5ODE5NDgzMn0.v7QS3PSYfrjSH1B7z7-ylLif2P0_FxFYoWMfVTFZJQY","level":"info","timestamp":"2020-08-23 20:34:06"}
{"message":"Token:- {\"x-access-token\":\"eyJhbGciOiJIUzI1NiIsInR5cCI6IkpXVCJ9.eyJpZCI6IjVmNDI1ZWJjYTUwOGU2MmUzY2UyZmU3ZCIsImVtYWlsIjoibWF0dEBnYW1pbC5jb20iLCJpYXQiOjE1OTgxOTM5NjgsImV4cCI6MTU5ODE5NDgzMn0.v7QS3PSYfrjSH1B7z7-ylLif2P0_FxFYoWMfVTFZJQY\",\"user-agent\":\"PostmanRuntime/7.26.3\",\"accept\":\"*/*\",\"cache-control\":\"no-cache\",\"postman-token\":\"3105002f-24d2-4113-9c4d-430f615ccb29\",\"host\":\"localhost:3000\",\"accept-encoding\":\"gzip, deflate, br\",\"connection\":\"keep-alive\",\"cookie\":\"ASP.NET_SessionId=gnhrixevjaxktkrqpjmo5vu3\"}","level":"info","timestamp":"2020-08-23 20:34:06"}
{"message":"login :{\"email\":\"matt@gamil.com\",\"password\":\"123\"}","level":"info","timestamp":"2020-08-23 20:34:10"}
{"message":"------------------------------New Request-----------------------------------------","level":"info","timestamp":"2020-08-23 20:34:22"}
{"message":"Token:- eyJhbGciOiJIUzI1NiIsInR5cCI6IkpXVCJ9.eyJpZCI6IjVmNDI1ZWJjYTUwOGU2MmUzY2UyZmU3ZCIsImVtYWlsIjoibWF0dEBnYW1pbC5jb20iLCJpYXQiOjE1OTgxOTUwNTAsImV4cCI6MTU5ODE5NTkxNH0.NYAs1HkvYLRfSvgmoiWZWrfndavOL2FAeUUh-oviyuY","level":"info","timestamp":"2020-08-23 20:34:22"}
{"message":"Token:- {\"x-access-token\":\"eyJhbGciOiJIUzI1NiIsInR5cCI6IkpXVCJ9.eyJpZCI6IjVmNDI1ZWJjYTUwOGU2MmUzY2UyZmU3ZCIsImVtYWlsIjoibWF0dEBnYW1pbC5jb20iLCJpYXQiOjE1OTgxOTUwNTAsImV4cCI6MTU5ODE5NTkxNH0.NYAs1HkvYLRfSvgmoiWZWrfndavOL2FAeUUh-oviyuY\",\"user-agent\":\"PostmanRuntime/7.26.3\",\"accept\":\"*/*\",\"cache-control\":\"no-cache\",\"postman-token\":\"cdc74555-03c8-49b2-a12d-870baaa5999b\",\"host\":\"localhost:3000\",\"accept-encoding\":\"gzip, deflate, br\",\"connection\":\"keep-alive\",\"cookie\":\"ASP.NET_SessionId=gnhrixevjaxktkrqpjmo5vu3\"}","level":"info","timestamp":"2020-08-23 20:34:22"}
{"message":"auth:- success userId :-5f425ebca508e62e3ce2fe7duserEmailmatt@gamil.com","level":"info","timestamp":"2020-08-23 20:34:22"}
{"message":"GetProfileData called :\"5f425ebca508e62e3ce2fe7d\"","level":"info","timestamp":"2020-08-23 20:34:22"}
{"message":"------------------------------New Request-----------------------------------------","level":"info","timestamp":"2020-08-23 20:41:49"}
{"message":"Token:- eyJhbGciOiJIUzI1NiIsInR5cCI6IkpXVCJ9.eyJpZCI6IjVmNDI1ZWJjYTUwOGU2MmUzY2UyZmU3ZCIsImVtYWlsIjoibWF0dEBnYW1pbC5jb20iLCJpYXQiOjE1OTgxOTUwNTAsImV4cCI6MTU5ODE5NTkxNH0.NYAs1HkvYLRfSvgmoiWZWrfndavOL2FAeUUh-oviyuY","level":"info","timestamp":"2020-08-23 20:41:49"}
{"message":"Token:- {\"x-access-token\":\"eyJhbGciOiJIUzI1NiIsInR5cCI6IkpXVCJ9.eyJpZCI6IjVmNDI1ZWJjYTUwOGU2MmUzY2UyZmU3ZCIsImVtYWlsIjoibWF0dEBnYW1pbC5jb20iLCJpYXQiOjE1OTgxOTUwNTAsImV4cCI6MTU5ODE5NTkxNH0.NYAs1HkvYLRfSvgmoiWZWrfndavOL2FAeUUh-oviyuY\",\"user-agent\":\"PostmanRuntime/7.26.3\",\"accept\":\"*/*\",\"cache-control\":\"no-cache\",\"postman-token\":\"da1d0388-db71-40c9-991d-d2b3f0d39a21\",\"host\":\"localhost:3000\",\"accept-encoding\":\"gzip, deflate, br\",\"connection\":\"keep-alive\",\"cookie\":\"ASP.NET_SessionId=gnhrixevjaxktkrqpjmo5vu3\"}","level":"info","timestamp":"2020-08-23 20:41:49"}
{"message":"auth:- success userId :-5f425ebca508e62e3ce2fe7duserEmailmatt@gamil.com","level":"info","timestamp":"2020-08-23 20:41:49"}
{"message":"GetProfileData called :\"5f425ebca508e62e3ce2fe7d\"","level":"info","timestamp":"2020-08-23 20:41:49"}
{"message":"------------------------------New Request-----------------------------------------","level":"info","timestamp":"2020-08-23 20:43:59"}
{"message":"Token:- eyJhbGciOiJIUzI1NiIsInR5cCI6IkpXVCJ9.eyJpZCI6IjVmNDI1ZWJjYTUwOGU2MmUzY2UyZmU3ZCIsImVtYWlsIjoibWF0dEBnYW1pbC5jb20iLCJpYXQiOjE1OTgxOTUwNTAsImV4cCI6MTU5ODE5NTkxNH0.NYAs1HkvYLRfSvgmoiWZWrfndavOL2FAeUUh-oviyuY","level":"info","timestamp":"2020-08-23 20:43:59"}
{"message":"Token:- {\"x-access-token\":\"eyJhbGciOiJIUzI1NiIsInR5cCI6IkpXVCJ9.eyJpZCI6IjVmNDI1ZWJjYTUwOGU2MmUzY2UyZmU3ZCIsImVtYWlsIjoibWF0dEBnYW1pbC5jb20iLCJpYXQiOjE1OTgxOTUwNTAsImV4cCI6MTU5ODE5NTkxNH0.NYAs1HkvYLRfSvgmoiWZWrfndavOL2FAeUUh-oviyuY\",\"user-agent\":\"PostmanRuntime/7.26.3\",\"accept\":\"*/*\",\"cache-control\":\"no-cache\",\"postman-token\":\"32570c05-c7ff-4902-84cc-76192c2bb459\",\"host\":\"localhost:3000\",\"accept-encoding\":\"gzip, deflate, br\",\"connection\":\"keep-alive\",\"cookie\":\"ASP.NET_SessionId=gnhrixevjaxktkrqpjmo5vu3\"}","level":"info","timestamp":"2020-08-23 20:43:59"}
{"message":"auth:- success userId :-5f425ebca508e62e3ce2fe7duserEmailmatt@gamil.com","level":"info","timestamp":"2020-08-23 20:43:59"}
{"message":"GetProfileData called :\"5f425ebca508e62e3ce2fe7d\"","level":"info","timestamp":"2020-08-23 20:43:59"}
{"message":"------------------------------New Request-----------------------------------------","level":"info","timestamp":"2020-08-23 20:44:26"}
{"message":"Token:- eyJhbGciOiJIUzI1NiIsInR5cCI6IkpXVCJ9.eyJpZCI6IjVmNDI1ZWJjYTUwOGU2MmUzY2UyZmU3ZCIsImVtYWlsIjoibWF0dEBnYW1pbC5jb20iLCJpYXQiOjE1OTgxOTUwNTAsImV4cCI6MTU5ODE5NTkxNH0.NYAs1HkvYLRfSvgmoiWZWrfndavOL2FAeUUh-oviyuY","level":"info","timestamp":"2020-08-23 20:44:26"}
{"message":"Token:- {\"x-access-token\":\"eyJhbGciOiJIUzI1NiIsInR5cCI6IkpXVCJ9.eyJpZCI6IjVmNDI1ZWJjYTUwOGU2MmUzY2UyZmU3ZCIsImVtYWlsIjoibWF0dEBnYW1pbC5jb20iLCJpYXQiOjE1OTgxOTUwNTAsImV4cCI6MTU5ODE5NTkxNH0.NYAs1HkvYLRfSvgmoiWZWrfndavOL2FAeUUh-oviyuY\",\"user-agent\":\"PostmanRuntime/7.26.3\",\"accept\":\"*/*\",\"cache-control\":\"no-cache\",\"postman-token\":\"6f9250ab-ea9c-4e0f-bfdb-abca937ce502\",\"host\":\"localhost:3000\",\"accept-encoding\":\"gzip, deflate, br\",\"connection\":\"keep-alive\",\"cookie\":\"ASP.NET_SessionId=gnhrixevjaxktkrqpjmo5vu3\"}","level":"info","timestamp":"2020-08-23 20:44:26"}
{"message":"auth:- success userId :-5f425ebca508e62e3ce2fe7duserEmailmatt@gamil.com","level":"info","timestamp":"2020-08-23 20:44:26"}
{"message":"GetProfileData called :\"5f425ebca508e62e3ce2fe7d\"","level":"info","timestamp":"2020-08-23 20:44:26"}
{"message":"------------------------------New Request-----------------------------------------","level":"info","timestamp":"2020-08-23 20:45:00"}
{"message":"Token:- eyJhbGciOiJIUzI1NiIsInR5cCI6IkpXVCJ9.eyJpZCI6IjVmNDI1ZWJjYTUwOGU2MmUzY2UyZmU3ZCIsImVtYWlsIjoibWF0dEBnYW1pbC5jb20iLCJpYXQiOjE1OTgxOTUwNTAsImV4cCI6MTU5ODE5NTkxNH0.NYAs1HkvYLRfSvgmoiWZWrfndavOL2FAeUUh-oviyuY","level":"info","timestamp":"2020-08-23 20:45:00"}
{"message":"Token:- {\"x-access-token\":\"eyJhbGciOiJIUzI1NiIsInR5cCI6IkpXVCJ9.eyJpZCI6IjVmNDI1ZWJjYTUwOGU2MmUzY2UyZmU3ZCIsImVtYWlsIjoibWF0dEBnYW1pbC5jb20iLCJpYXQiOjE1OTgxOTUwNTAsImV4cCI6MTU5ODE5NTkxNH0.NYAs1HkvYLRfSvgmoiWZWrfndavOL2FAeUUh-oviyuY\",\"user-agent\":\"PostmanRuntime/7.26.3\",\"accept\":\"*/*\",\"cache-control\":\"no-cache\",\"postman-token\":\"9a8913b1-b645-4d78-a304-a1c76588aeda\",\"host\":\"localhost:3000\",\"accept-encoding\":\"gzip, deflate, br\",\"connection\":\"keep-alive\",\"cookie\":\"ASP.NET_SessionId=gnhrixevjaxktkrqpjmo5vu3\"}","level":"info","timestamp":"2020-08-23 20:45:00"}
{"message":"auth:- success userId :-5f425ebca508e62e3ce2fe7duserEmailmatt@gamil.com","level":"info","timestamp":"2020-08-23 20:45:00"}
{"message":"GetProfileData called :\"5f425ebca508e62e3ce2fe7d\"","level":"info","timestamp":"2020-08-23 20:45:00"}
{"message":"------------------------------New Request-----------------------------------------","level":"info","timestamp":"2020-08-23 20:46:01"}
{"message":"Token:- eyJhbGciOiJIUzI1NiIsInR5cCI6IkpXVCJ9.eyJpZCI6IjVmNDI1ZWJjYTUwOGU2MmUzY2UyZmU3ZCIsImVtYWlsIjoibWF0dEBnYW1pbC5jb20iLCJpYXQiOjE1OTgxOTUwNTAsImV4cCI6MTU5ODE5NTkxNH0.NYAs1HkvYLRfSvgmoiWZWrfndavOL2FAeUUh-oviyuY","level":"info","timestamp":"2020-08-23 20:46:01"}
{"message":"Token:- {\"x-access-token\":\"eyJhbGciOiJIUzI1NiIsInR5cCI6IkpXVCJ9.eyJpZCI6IjVmNDI1ZWJjYTUwOGU2MmUzY2UyZmU3ZCIsImVtYWlsIjoibWF0dEBnYW1pbC5jb20iLCJpYXQiOjE1OTgxOTUwNTAsImV4cCI6MTU5ODE5NTkxNH0.NYAs1HkvYLRfSvgmoiWZWrfndavOL2FAeUUh-oviyuY\",\"user-agent\":\"PostmanRuntime/7.26.3\",\"accept\":\"*/*\",\"cache-control\":\"no-cache\",\"postman-token\":\"d38741fd-3f50-4332-8f7d-855dd1691690\",\"host\":\"localhost:3000\",\"accept-encoding\":\"gzip, deflate, br\",\"connection\":\"keep-alive\",\"cookie\":\"ASP.NET_SessionId=gnhrixevjaxktkrqpjmo5vu3\"}","level":"info","timestamp":"2020-08-23 20:46:01"}
{"message":"auth:- success userId :-5f425ebca508e62e3ce2fe7duserEmailmatt@gamil.com","level":"info","timestamp":"2020-08-23 20:46:01"}
{"message":"GetProfileData called :\"5f425ebca508e62e3ce2fe7d\"","level":"info","timestamp":"2020-08-23 20:46:01"}
{"message":"------------------------------New Request-----------------------------------------","level":"info","timestamp":"2020-08-23 20:49:11"}
{"message":"Token:- eyJhbGciOiJIUzI1NiIsInR5cCI6IkpXVCJ9.eyJpZCI6IjVmNDI1ZWJjYTUwOGU2MmUzY2UyZmU3ZCIsImVtYWlsIjoibWF0dEBnYW1pbC5jb20iLCJpYXQiOjE1OTgxOTUwNTAsImV4cCI6MTU5ODE5NTkxNH0.NYAs1HkvYLRfSvgmoiWZWrfndavOL2FAeUUh-oviyuY","level":"info","timestamp":"2020-08-23 20:49:11"}
{"message":"Token:- {\"x-access-token\":\"eyJhbGciOiJIUzI1NiIsInR5cCI6IkpXVCJ9.eyJpZCI6IjVmNDI1ZWJjYTUwOGU2MmUzY2UyZmU3ZCIsImVtYWlsIjoibWF0dEBnYW1pbC5jb20iLCJpYXQiOjE1OTgxOTUwNTAsImV4cCI6MTU5ODE5NTkxNH0.NYAs1HkvYLRfSvgmoiWZWrfndavOL2FAeUUh-oviyuY\",\"user-agent\":\"PostmanRuntime/7.26.3\",\"accept\":\"*/*\",\"cache-control\":\"no-cache\",\"postman-token\":\"eafd3ad4-4571-45dc-9992-281ea5233dbf\",\"host\":\"localhost:3000\",\"accept-encoding\":\"gzip, deflate, br\",\"connection\":\"keep-alive\",\"cookie\":\"ASP.NET_SessionId=gnhrixevjaxktkrqpjmo5vu3\"}","level":"info","timestamp":"2020-08-23 20:49:11"}
{"message":"login :{\"email\":\"matt@gamil.com\",\"password\":\"123\"}","level":"info","timestamp":"2020-08-23 20:49:16"}
{"message":"------------------------------New Request-----------------------------------------","level":"info","timestamp":"2020-08-23 20:49:27"}
{"message":"Token:- eyJhbGciOiJIUzI1NiIsInR5cCI6IkpXVCJ9.eyJpZCI6IjVmNDI1ZWJjYTUwOGU2MmUzY2UyZmU3ZCIsImVtYWlsIjoibWF0dEBnYW1pbC5jb20iLCJpYXQiOjE1OTgxOTU5NTYsImV4cCI6MTU5ODE5NjgyMH0.M6HbYN47vz8OW9JFNUpdisBddLI7t4D_LchR4tJF-0M","level":"info","timestamp":"2020-08-23 20:49:27"}
{"message":"Token:- {\"x-access-token\":\"eyJhbGciOiJIUzI1NiIsInR5cCI6IkpXVCJ9.eyJpZCI6IjVmNDI1ZWJjYTUwOGU2MmUzY2UyZmU3ZCIsImVtYWlsIjoibWF0dEBnYW1pbC5jb20iLCJpYXQiOjE1OTgxOTU5NTYsImV4cCI6MTU5ODE5NjgyMH0.M6HbYN47vz8OW9JFNUpdisBddLI7t4D_LchR4tJF-0M\",\"user-agent\":\"PostmanRuntime/7.26.3\",\"accept\":\"*/*\",\"cache-control\":\"no-cache\",\"postman-token\":\"0c590935-a909-4821-a05c-a1d4501fe4b4\",\"host\":\"localhost:3000\",\"accept-encoding\":\"gzip, deflate, br\",\"connection\":\"keep-alive\",\"cookie\":\"ASP.NET_SessionId=gnhrixevjaxktkrqpjmo5vu3\"}","level":"info","timestamp":"2020-08-23 20:49:27"}
{"message":"auth:- success userId :-5f425ebca508e62e3ce2fe7duserEmailmatt@gamil.com","level":"info","timestamp":"2020-08-23 20:49:27"}
{"message":"GetProfileData called :\"5f425ebca508e62e3ce2fe7d\"","level":"info","timestamp":"2020-08-23 20:49:27"}
{"message":"------------------------------New Request-----------------------------------------","level":"info","timestamp":"2020-08-23 20:49:49"}
{"message":"Token:- eyJhbGciOiJIUzI1NiIsInR5cCI6IkpXVCJ9.eyJpZCI6IjVmNDI1ZWJjYTUwOGU2MmUzY2UyZmU3ZCIsImVtYWlsIjoibWF0dEBnYW1pbC5jb20iLCJpYXQiOjE1OTgxOTU5NTYsImV4cCI6MTU5ODE5NjgyMH0.M6HbYN47vz8OW9JFNUpdisBddLI7t4D_LchR4tJF-0M","level":"info","timestamp":"2020-08-23 20:49:49"}
{"message":"Token:- {\"x-access-token\":\"eyJhbGciOiJIUzI1NiIsInR5cCI6IkpXVCJ9.eyJpZCI6IjVmNDI1ZWJjYTUwOGU2MmUzY2UyZmU3ZCIsImVtYWlsIjoibWF0dEBnYW1pbC5jb20iLCJpYXQiOjE1OTgxOTU5NTYsImV4cCI6MTU5ODE5NjgyMH0.M6HbYN47vz8OW9JFNUpdisBddLI7t4D_LchR4tJF-0M\",\"user-agent\":\"PostmanRuntime/7.26.3\",\"accept\":\"*/*\",\"cache-control\":\"no-cache\",\"postman-token\":\"1a835b79-5aa1-4923-a8d7-2064c2e100e0\",\"host\":\"localhost:3000\",\"accept-encoding\":\"gzip, deflate, br\",\"connection\":\"keep-alive\",\"cookie\":\"ASP.NET_SessionId=gnhrixevjaxktkrqpjmo5vu3\"}","level":"info","timestamp":"2020-08-23 20:49:49"}
{"message":"auth:- success userId :-5f425ebca508e62e3ce2fe7duserEmailmatt@gamil.com","level":"info","timestamp":"2020-08-23 20:49:49"}
{"message":"GetProfileData called :\"5f425ebca508e62e3ce2fe7d\"","level":"info","timestamp":"2020-08-23 20:49:49"}
{"message":"------------------------------New Request-----------------------------------------","level":"info","timestamp":"2020-08-23 20:52:24"}
{"message":"Token:- eyJhbGciOiJIUzI1NiIsInR5cCI6IkpXVCJ9.eyJpZCI6IjVmNDI1ZWJjYTUwOGU2MmUzY2UyZmU3ZCIsImVtYWlsIjoibWF0dEBnYW1pbC5jb20iLCJpYXQiOjE1OTgxOTU5NTYsImV4cCI6MTU5ODE5NjgyMH0.M6HbYN47vz8OW9JFNUpdisBddLI7t4D_LchR4tJF-0M","level":"info","timestamp":"2020-08-23 20:52:24"}
{"message":"Token:- {\"x-access-token\":\"eyJhbGciOiJIUzI1NiIsInR5cCI6IkpXVCJ9.eyJpZCI6IjVmNDI1ZWJjYTUwOGU2MmUzY2UyZmU3ZCIsImVtYWlsIjoibWF0dEBnYW1pbC5jb20iLCJpYXQiOjE1OTgxOTU5NTYsImV4cCI6MTU5ODE5NjgyMH0.M6HbYN47vz8OW9JFNUpdisBddLI7t4D_LchR4tJF-0M\",\"user-agent\":\"PostmanRuntime/7.26.3\",\"accept\":\"*/*\",\"cache-control\":\"no-cache\",\"postman-token\":\"07565b1b-7b83-4e48-afdb-338675fc2770\",\"host\":\"localhost:3000\",\"accept-encoding\":\"gzip, deflate, br\",\"connection\":\"keep-alive\",\"cookie\":\"ASP.NET_SessionId=gnhrixevjaxktkrqpjmo5vu3\"}","level":"info","timestamp":"2020-08-23 20:52:24"}
{"message":"auth:- success userId :-5f425ebca508e62e3ce2fe7duserEmailmatt@gamil.com","level":"info","timestamp":"2020-08-23 20:52:24"}
{"message":"GetProfileData called :\"5f425ebca508e62e3ce2fe7d\"","level":"info","timestamp":"2020-08-23 20:52:24"}
{"message":"------------------------------New Request-----------------------------------------","level":"info","timestamp":"2020-08-23 20:53:14"}
{"message":"Token:- eyJhbGciOiJIUzI1NiIsInR5cCI6IkpXVCJ9.eyJpZCI6IjVmNDI1ZWJjYTUwOGU2MmUzY2UyZmU3ZCIsImVtYWlsIjoibWF0dEBnYW1pbC5jb20iLCJpYXQiOjE1OTgxOTU5NTYsImV4cCI6MTU5ODE5NjgyMH0.M6HbYN47vz8OW9JFNUpdisBddLI7t4D_LchR4tJF-0M","level":"info","timestamp":"2020-08-23 20:53:14"}
{"message":"Token:- {\"x-access-token\":\"eyJhbGciOiJIUzI1NiIsInR5cCI6IkpXVCJ9.eyJpZCI6IjVmNDI1ZWJjYTUwOGU2MmUzY2UyZmU3ZCIsImVtYWlsIjoibWF0dEBnYW1pbC5jb20iLCJpYXQiOjE1OTgxOTU5NTYsImV4cCI6MTU5ODE5NjgyMH0.M6HbYN47vz8OW9JFNUpdisBddLI7t4D_LchR4tJF-0M\",\"user-agent\":\"PostmanRuntime/7.26.3\",\"accept\":\"*/*\",\"cache-control\":\"no-cache\",\"postman-token\":\"a26c2791-87cb-432e-9773-ae52ab33b049\",\"host\":\"localhost:3000\",\"accept-encoding\":\"gzip, deflate, br\",\"connection\":\"keep-alive\",\"cookie\":\"ASP.NET_SessionId=gnhrixevjaxktkrqpjmo5vu3\"}","level":"info","timestamp":"2020-08-23 20:53:14"}
{"message":"auth:- success userId :-5f425ebca508e62e3ce2fe7duserEmailmatt@gamil.com","level":"info","timestamp":"2020-08-23 20:53:14"}
{"message":"GetProfileData called :\"5f425ebca508e62e3ce2fe7d\"","level":"info","timestamp":"2020-08-23 20:53:14"}
{"message":"------------------------------New Request-----------------------------------------","level":"info","timestamp":"2020-08-23 20:53:49"}
{"message":"Token:- eyJhbGciOiJIUzI1NiIsInR5cCI6IkpXVCJ9.eyJpZCI6IjVmNDI1ZWJjYTUwOGU2MmUzY2UyZmU3ZCIsImVtYWlsIjoibWF0dEBnYW1pbC5jb20iLCJpYXQiOjE1OTgxOTU5NTYsImV4cCI6MTU5ODE5NjgyMH0.M6HbYN47vz8OW9JFNUpdisBddLI7t4D_LchR4tJF-0M","level":"info","timestamp":"2020-08-23 20:53:49"}
{"message":"Token:- {\"x-access-token\":\"eyJhbGciOiJIUzI1NiIsInR5cCI6IkpXVCJ9.eyJpZCI6IjVmNDI1ZWJjYTUwOGU2MmUzY2UyZmU3ZCIsImVtYWlsIjoibWF0dEBnYW1pbC5jb20iLCJpYXQiOjE1OTgxOTU5NTYsImV4cCI6MTU5ODE5NjgyMH0.M6HbYN47vz8OW9JFNUpdisBddLI7t4D_LchR4tJF-0M\",\"user-agent\":\"PostmanRuntime/7.26.3\",\"accept\":\"*/*\",\"cache-control\":\"no-cache\",\"postman-token\":\"8597bbea-7da5-4e26-a1e2-1874fd9ac90a\",\"host\":\"localhost:3000\",\"accept-encoding\":\"gzip, deflate, br\",\"connection\":\"keep-alive\",\"cookie\":\"ASP.NET_SessionId=gnhrixevjaxktkrqpjmo5vu3\"}","level":"info","timestamp":"2020-08-23 20:53:49"}
{"message":"auth:- success userId :-5f425ebca508e62e3ce2fe7duserEmailmatt@gamil.com","level":"info","timestamp":"2020-08-23 20:53:49"}
{"message":"GetProfileData called :\"5f425ebca508e62e3ce2fe7d\"","level":"info","timestamp":"2020-08-23 20:53:49"}
{"message":"------------------------------New Request-----------------------------------------","level":"info","timestamp":"2020-08-23 20:54:51"}
{"message":"Token:- eyJhbGciOiJIUzI1NiIsInR5cCI6IkpXVCJ9.eyJpZCI6IjVmNDI1ZWJjYTUwOGU2MmUzY2UyZmU3ZCIsImVtYWlsIjoibWF0dEBnYW1pbC5jb20iLCJpYXQiOjE1OTgxOTU5NTYsImV4cCI6MTU5ODE5NjgyMH0.M6HbYN47vz8OW9JFNUpdisBddLI7t4D_LchR4tJF-0M","level":"info","timestamp":"2020-08-23 20:54:51"}
{"message":"Token:- {\"x-access-token\":\"eyJhbGciOiJIUzI1NiIsInR5cCI6IkpXVCJ9.eyJpZCI6IjVmNDI1ZWJjYTUwOGU2MmUzY2UyZmU3ZCIsImVtYWlsIjoibWF0dEBnYW1pbC5jb20iLCJpYXQiOjE1OTgxOTU5NTYsImV4cCI6MTU5ODE5NjgyMH0.M6HbYN47vz8OW9JFNUpdisBddLI7t4D_LchR4tJF-0M\",\"user-agent\":\"PostmanRuntime/7.26.3\",\"accept\":\"*/*\",\"cache-control\":\"no-cache\",\"postman-token\":\"5b913769-4a31-412a-af8c-cc92e4070286\",\"host\":\"localhost:3000\",\"accept-encoding\":\"gzip, deflate, br\",\"connection\":\"keep-alive\",\"cookie\":\"ASP.NET_SessionId=gnhrixevjaxktkrqpjmo5vu3\"}","level":"info","timestamp":"2020-08-23 20:54:51"}
{"message":"auth:- success userId :-5f425ebca508e62e3ce2fe7duserEmailmatt@gamil.com","level":"info","timestamp":"2020-08-23 20:54:51"}
{"message":"GetProfileData called :\"5f425ebca508e62e3ce2fe7d\"","level":"info","timestamp":"2020-08-23 20:54:51"}
{"message":"------------------------------New Request-----------------------------------------","level":"info","timestamp":"2020-08-23 20:55:20"}
{"message":"Token:- eyJhbGciOiJIUzI1NiIsInR5cCI6IkpXVCJ9.eyJpZCI6IjVmNDI1ZWJjYTUwOGU2MmUzY2UyZmU3ZCIsImVtYWlsIjoibWF0dEBnYW1pbC5jb20iLCJpYXQiOjE1OTgxOTU5NTYsImV4cCI6MTU5ODE5NjgyMH0.M6HbYN47vz8OW9JFNUpdisBddLI7t4D_LchR4tJF-0M","level":"info","timestamp":"2020-08-23 20:55:21"}
{"message":"Token:- {\"x-access-token\":\"eyJhbGciOiJIUzI1NiIsInR5cCI6IkpXVCJ9.eyJpZCI6IjVmNDI1ZWJjYTUwOGU2MmUzY2UyZmU3ZCIsImVtYWlsIjoibWF0dEBnYW1pbC5jb20iLCJpYXQiOjE1OTgxOTU5NTYsImV4cCI6MTU5ODE5NjgyMH0.M6HbYN47vz8OW9JFNUpdisBddLI7t4D_LchR4tJF-0M\",\"user-agent\":\"PostmanRuntime/7.26.3\",\"accept\":\"*/*\",\"cache-control\":\"no-cache\",\"postman-token\":\"1adcc1a9-f912-4596-b0e5-63e72663f3f5\",\"host\":\"localhost:3000\",\"accept-encoding\":\"gzip, deflate, br\",\"connection\":\"keep-alive\",\"cookie\":\"ASP.NET_SessionId=gnhrixevjaxktkrqpjmo5vu3\"}","level":"info","timestamp":"2020-08-23 20:55:21"}
{"message":"auth:- success userId :-5f425ebca508e62e3ce2fe7duserEmailmatt@gamil.com","level":"info","timestamp":"2020-08-23 20:55:21"}
{"message":"GetProfileData called :\"5f425ebca508e62e3ce2fe7d\"","level":"info","timestamp":"2020-08-23 20:55:21"}
{"message":"------------------------------New Request-----------------------------------------","level":"info","timestamp":"2020-08-23 20:55:49"}
{"message":"Token:- eyJhbGciOiJIUzI1NiIsInR5cCI6IkpXVCJ9.eyJpZCI6IjVmNDI1ZWJjYTUwOGU2MmUzY2UyZmU3ZCIsImVtYWlsIjoibWF0dEBnYW1pbC5jb20iLCJpYXQiOjE1OTgxOTU5NTYsImV4cCI6MTU5ODE5NjgyMH0.M6HbYN47vz8OW9JFNUpdisBddLI7t4D_LchR4tJF-0M","level":"info","timestamp":"2020-08-23 20:55:49"}
{"message":"Token:- {\"x-access-token\":\"eyJhbGciOiJIUzI1NiIsInR5cCI6IkpXVCJ9.eyJpZCI6IjVmNDI1ZWJjYTUwOGU2MmUzY2UyZmU3ZCIsImVtYWlsIjoibWF0dEBnYW1pbC5jb20iLCJpYXQiOjE1OTgxOTU5NTYsImV4cCI6MTU5ODE5NjgyMH0.M6HbYN47vz8OW9JFNUpdisBddLI7t4D_LchR4tJF-0M\",\"user-agent\":\"PostmanRuntime/7.26.3\",\"accept\":\"*/*\",\"cache-control\":\"no-cache\",\"postman-token\":\"a7e1ef9e-ba70-473d-a6cf-bc7161fedee3\",\"host\":\"localhost:3000\",\"accept-encoding\":\"gzip, deflate, br\",\"connection\":\"keep-alive\",\"cookie\":\"ASP.NET_SessionId=gnhrixevjaxktkrqpjmo5vu3\"}","level":"info","timestamp":"2020-08-23 20:55:49"}
{"message":"auth:- success userId :-5f425ebca508e62e3ce2fe7duserEmailmatt@gamil.com","level":"info","timestamp":"2020-08-23 20:55:49"}
{"message":"GetProfileData called :\"5f425ebca508e62e3ce2fe7d\"","level":"info","timestamp":"2020-08-23 20:55:49"}
